PPJ_PicPic/build/outputs/logs/manifest-merger-debug-report.txt
-- Merging decision tree log ---
manifest
ADDED from src\main\AndroidManifest.xml:2:1-55:12
	package
		ADDED from src\main\AndroidManifest.xml:3:5-33
		INJECTED from src\main\AndroidManifest.xml
		INJECTED from src\main\AndroidManifest.xml
	android:versionName
		ADDED from src\main\AndroidManifest.xml:5:5-30
		INJECTED from src\main\AndroidManifest.xml
		INJECTED from src\main\AndroidManifest.xml
	android:versionCode
		ADDED from src\main\AndroidManifest.xml:4:5-28
		INJECTED from src\main\AndroidManifest.xml
		INJECTED from src\main\AndroidManifest.xml
	xmlns:android
		ADDED from src\main\AndroidManifest.xml:2:11-69
uses-sdk
ADDED from src\main\AndroidManifest.xml:7:5-9:41
MERGED from [com.android.support:appcompat-v7:22.2.1] AndroidManifest.xml:20:5-43
MERGED from [com.android.support:support-v4:22.2.1] AndroidManifest.xml:20:5-43
	android:targetSdkVersion
		ADDED from src\main\AndroidManifest.xml:9:9-38
		INJECTED from src\main\AndroidManifest.xml
		INJECTED from src\main\AndroidManifest.xml
	android:minSdkVersion
		ADDED from src\main\AndroidManifest.xml:8:9-34
		INJECTED from src\main\AndroidManifest.xml
		INJECTED from src\main\AndroidManifest.xml
uses-permission#android.permission.WRITE_EXTERNAL_STORAGE
ADDED from src\main\AndroidManifest.xml:11:5-81
	android:name
		ADDED from src\main\AndroidManifest.xml:11:22-78
application
ADDED from src\main\AndroidManifest.xml:13:5-53:19
MERGED from [com.android.support:appcompat-v7:22.2.1] AndroidManifest.xml:22:5-20
MERGED from [com.android.support:support-v4:22.2.1] AndroidManifest.xml:22:5-20
	android:label
		ADDED from src\main\AndroidManifest.xml:17:9-41
	android:allowBackup
		ADDED from src\main\AndroidManifest.xml:15:9-35
	android:icon
		ADDED from src\main\AndroidManifest.xml:16:9-43
	android:theme
		ADDED from src\main\AndroidManifest.xml:18:9-40
	android:name
		ADDED from src\main\AndroidManifest.xml:14:9-42
activity#com.pingfun.picpic.view.MainActivity
ADDED from src\main\AndroidManifest.xml:19:9-29:20
	android:screenOrientation
		ADDED from src\main\AndroidManifest.xml:21:13-49
	android:label
		ADDED from src\main\AndroidManifest.xml:23:13-45
	android:theme
		ADDED from src\main\AndroidManifest.xml:22:13-57
	android:name
		ADDED from src\main\AndroidManifest.xml:20:13-64
activity#com.pingfun.picpic.view.IconListDialog
ADDED from src\main\AndroidManifest.xml:30:9-35:20
	android:screenOrientation
		ADDED from src\main\AndroidManifest.xml:31:13-49
	android:label
		ADDED from src\main\AndroidManifest.xml:33:13-61
	android:theme
		ADDED from src\main\AndroidManifest.xml:34:13-56
	android:name
		ADDED from src\main\AndroidManifest.xml:32:13-66
activity#com.pingfun.picpic.view.BackgroundListDialog
ADDED from src\main\AndroidManifest.xml:36:9-42:20
	android:screenOrientation
		ADDED from src\main\AndroidManifest.xml:37:13-49
	android:label
		ADDED from src\main\AndroidManifest.xml:39:13-74
	android:theme
		ADDED from src\main\AndroidManifest.xml:40:13-56
	android:name
		ADDED from src\main\AndroidManifest.xml:38:13-72
activity#com.pingfun.picpic.view.HomeMenu
ADDED from src\main\AndroidManifest.xml:43:9-52:20
	android:screenOrientation
		ADDED from src\main\AndroidManifest.xml:45:13-49
	android:label
		ADDED from src\main\AndroidManifest.xml:46:13-45
	android:name
		ADDED from src\main\AndroidManifest.xml:44:13-60
intent-filter#android.intent.action.MAIN+android.intent.category.LAUNCHER
ADDED from src\main\AndroidManifest.xml:47:13-51:29
action#android.intent.action.MAIN
ADDED from src\main\AndroidManifest.xml:48:17-69
	android:name
		ADDED from src\main\AndroidManifest.xml:48:25-66
category#android.intent.category.LAUNCHER
ADDED from src\main\AndroidManifest.xml:50:17-77
	android:name
		ADDED from src\main\AndroidManifest.xml:50:27-74